0 info it worked if it ends with ok
1 verbose cli [ '/usr/bin/nodejs',
1 verbose cli   '/usr/share/npm/bin/npm-cli.js',
1 verbose cli   'install',
1 verbose cli   '--scripts-prepend-node-path=auto' ]
2 info using npm@3.5.2
3 info using node@v4.2.6
4 silly loadCurrentTree Starting
5 silly install loadCurrentTree
6 silly install readLocalPackageData
7 silly install normalizeTree
8 silly loadCurrentTree Finishing
9 silly loadIdealTree Starting
10 silly install loadIdealTree
11 silly cloneCurrentTree Starting
12 silly install cloneCurrentTreeToIdealTree
13 silly cloneCurrentTree Finishing
14 silly loadShrinkwrap Starting
15 silly install loadShrinkwrap
16 silly loadShrinkwrap Finishing
17 silly loadAllDepsIntoIdealTree Starting
18 silly install loadAllDepsIntoIdealTree
19 silly fetchOtherPackageData @bit/alan18081.astra-storage.common.dist@file:../Common/dist
20 silly cache add args [ '@bit/alan18081.astra-storage.common.dist@file:../Common/dist', null ]
21 verbose cache add spec @bit/alan18081.astra-storage.common.dist@file:../Common/dist
22 silly cache add parsed spec Result {
22 silly cache add   raw: '@bit/alan18081.astra-storage.common.dist@file:../Common/dist',
22 silly cache add   scope: '@astra',
22 silly cache add   name: '@bit/alan18081.astra-storage.common.dist',
22 silly cache add   rawSpec: 'file:../Common/dist',
22 silly cache add   spec: '/home/octopus/PhpstormProjects/astra-storage-nest/Common/dist',
22 silly cache add   type: 'local' }
23 error addLocal Could not install /home/octopus/PhpstormProjects/astra-storage-nest/Common/dist
24 silly fetchPackageMetaData Error: EISDIR: illegal operation on a directory, read
24 silly fetchPackageMetaData     at Error (native)
24 silly fetchPackageMetaData  error for @bit/alan18081.astra-storage.common.dist@file:../Common/dist { [Error: EISDIR: illegal operation on a directory, read] errno: -21, code: 'EISDIR', syscall: 'read' }
25 silly rollbackFailedOptional Starting
26 silly rollbackFailedOptional Finishing
27 silly runTopLevelLifecycles Starting
28 silly runTopLevelLifecycles Finishing
29 silly install printInstalled
30 verbose stack Error: EISDIR: illegal operation on a directory, read
30 verbose stack     at Error (native)
31 verbose cwd /home/octopus/PhpstormProjects/astra-storage-nest/UsersServiceOld
32 error Linux 4.15.0-43-generic
33 error argv "/usr/bin/nodejs" "/usr/share/npm/bin/npm-cli.js" "install" "--scripts-prepend-node-path=auto"
34 error node v4.2.6
35 error npm  v3.5.2
36 error code EISDIR
37 error errno -21
38 error syscall read
39 error eisdir EISDIR: illegal operation on a directory, read
40 error eisdir This is most likely not a problem with npm itself
40 error eisdir and is related to npm not being able to find a package.json in
40 error eisdir a package you are trying to install.
41 verbose exit [ -21, true ]
